<?xml version="1.0" encoding="UTF-8"?>
<testsuite xmlns:xsi="http://www.w3.org/2001/XMLSchema-instance" xsi:noNamespaceSchemaLocation="https://maven.apache.org/surefire/maven-surefire-plugin/xsd/surefire-test-report-3.0.xsd" version="3.0" name="GetFilesWithExtensionTest" time="0.015" tests="6" errors="0" skipped="0" failures="0">
  <properties>
[...]
</properties>
  <testcase name="testSearchFilesInDirectory" classname="GetFilesWithExtensionTest" time="0.0"/>
  <testcase name="testInvalidDirectoryPath" classname="GetFilesWithExtensionTest" time="0.0"/>
  <testcase name="testGetFilesWithExtension" classname="GetFilesWithExtensionTest" time="0.0"/>
  <testcase name="testEmptyDirectoryPath" classname="GetFilesWithExtensionTest" time="0.0"/>
  <testcase name="testEmptyExtension" classname="GetFilesWithExtensionTest" time="0.015"/>
  <testcase name="testSearchFilesInDirectorySecond" classname="GetFilesWithExtensionTest" time="0.0"/>
</testsuite>